\BOOKMARK [0][-]{chapter.1}{\376\377\000I\000n\000t\000r\000o\000d\000u\000c\000t\000i\000o\000n}{}% 1
\BOOKMARK [0][-]{chapter.2}{\376\377\000S\000t\000a\000t\000e\000\040\000o\000f\000\040\000t\000h\000e\000\040\000A\000r\000t}{}% 2
\BOOKMARK [1][-]{section.2.1}{\376\377\000R\000e\000n\000d\000e\000r\000i\000n\000g\000\040\000T\000e\000c\000h\000n\000i\000q\000u\000e\000s}{chapter.2}% 3
\BOOKMARK [2][-]{subsection.2.1.1}{\376\377\000R\000a\000s\000t\000e\000r\000i\000z\000a\000t\000i\000o\000n}{section.2.1}% 4
\BOOKMARK [2][-]{subsection.2.1.2}{\376\377\000R\000a\000y\000\040\000T\000r\000a\000c\000i\000n\000g}{section.2.1}% 5
\BOOKMARK [3][-]{subsubsection.2.1.2.1}{\376\377\000M\000a\000t\000h\000e\000m\000a\000t\000i\000c\000a\000l\000\040\000f\000o\000u\000n\000d\000a\000t\000i\000o\000n}{subsection.2.1.2}% 6
\BOOKMARK [1][-]{section.2.2}{\376\377\000R\000a\000y\000\040\000T\000r\000a\000c\000i\000n\000g\000\040\000T\000e\000c\000h\000n\000o\000l\000o\000g\000i\000e\000s}{chapter.2}% 7
\BOOKMARK [2][-]{subsection.2.2.1}{\376\377\000V\000u\000l\000k\000a\000n}{section.2.2}% 8
\BOOKMARK [2][-]{subsection.2.2.2}{\376\377\000O\000p\000t\000i\000X}{section.2.2}% 9
\BOOKMARK [0][-]{chapter.3}{\376\377\000A\000n\000a\000l\000y\000s\000i\000s}{}% 10
\BOOKMARK [1][-]{section.3.1}{\376\377\000P\000r\000o\000b\000l\000e\000m\000\040\000a\000n\000d\000\040\000o\000b\000j\000e\000c\000t\000i\000v\000e\000s}{chapter.3}% 11
\BOOKMARK [1][-]{section.3.2}{\376\377\000E\000x\000p\000e\000r\000i\000m\000e\000n\000t\000\040\000D\000e\000s\000i\000g\000n}{chapter.3}% 12
\BOOKMARK [0][-]{chapter.4}{\376\377\000D\000e\000s\000i\000g\000n}{}% 13
\BOOKMARK [1][-]{section.4.1}{\376\377\000V\000u\000l\000k\000a\000n\000\040\000R\000a\000y\000\040\000T\000r\000a\000c\000e\000r}{chapter.4}% 14
\BOOKMARK [2][-]{subsection.4.1.1}{\376\377\000R\000a\000s\000t\000e\000r\000i\000z\000e\000d}{section.4.1}% 15
\BOOKMARK [2][-]{subsection.4.1.2}{\376\377\000R\000a\000y\000\040\000T\000r\000a\000c\000e\000d}{section.4.1}% 16
\BOOKMARK [1][-]{section.4.2}{\376\377\000O\000p\000t\000i\000X\000\040\000R\000a\000y\000\040\000T\000r\000a\000c\000e\000r}{chapter.4}% 17
\BOOKMARK [0][-]{chapter.5}{\376\377\000D\000e\000v\000e\000l\000o\000p\000m\000e\000n\000t}{}% 18
\BOOKMARK [1][-]{section.5.1}{\376\377\000I\000m\000p\000l\000e\000m\000e\000n\000t\000a\000t\000i\000o\000n}{chapter.5}% 19
\BOOKMARK [2][-]{subsection.5.1.1}{\376\377\000O\000p\000t\000i\000X\000\040\000R\000e\000n\000d\000e\000r\000e\000r}{section.5.1}% 20
\BOOKMARK [2][-]{subsection.5.1.2}{\376\377\000V\000u\000l\000k\000a\000n\000\040\000R\000e\000n\000d\000e\000r\000e\000r}{section.5.1}% 21
\BOOKMARK [3][-]{subsubsection.5.1.2.1}{\376\377\000R\000a\000s\000t\000e\000r\000i\000z\000e\000d}{subsection.5.1.2}% 22
\BOOKMARK [3][-]{subsubsection.5.1.2.2}{\376\377\000R\000a\000y\000\040\000T\000r\000a\000c\000e\000d}{subsection.5.1.2}% 23
\BOOKMARK [2][-]{subsection.5.1.3}{\376\377\000A\000u\000t\000o\000m\000a\000t\000i\000o\000n\000\040\000a\000n\000d\000\040\000P\000l\000o\000t\000t\000i\000n\000g}{section.5.1}% 24
\BOOKMARK [0][-]{chapter.6}{\376\377\000R\000e\000s\000u\000l\000t\000s}{}% 25
\BOOKMARK [1][-]{section.6.1}{\376\377\000R\000a\000s\000t\000e\000r\000i\000z\000a\000t\000i\000o\000n\000\040\000B\000a\000s\000e\000l\000i\000n\000e}{chapter.6}% 26
\BOOKMARK [1][-]{section.6.2}{\376\377\000M\000e\000m\000o\000r\000y\000\040\000U\000s\000a\000g\000e}{chapter.6}% 27
\BOOKMARK [1][-]{section.6.3}{\376\377\000A\000c\000c\000e\000l\000e\000r\000a\000t\000i\000o\000n\000\040\000S\000t\000r\000u\000c\000t\000u\000r\000e\000\040\000B\000u\000i\000l\000d\000\040\000T\000i\000m\000e}{chapter.6}% 28
\BOOKMARK [1][-]{section.6.4}{\376\377\000F\000r\000a\000m\000e\000\040\000T\000i\000m\000e}{chapter.6}% 29
\BOOKMARK [1][-]{section.6.5}{\376\377\000H\000a\000r\000d\000w\000a\000r\000e\000\040\000c\000o\000m\000p\000a\000r\000i\000s\000o\000n}{chapter.6}% 30
\BOOKMARK [2][-]{subsection.6.5.1}{\376\377\000S\000a\000m\000e\000\040\000G\000P\000U\000,\000\040\000c\000h\000a\000n\000g\000i\000n\000g\000\040\000C\000P\000U}{section.6.5}% 31
\BOOKMARK [2][-]{subsection.6.5.2}{\376\377\000V\000i\000r\000t\000u\000a\000l\000i\000z\000a\000t\000i\000o\000n\000\040\000e\000f\000f\000e\000c\000t\000s}{section.6.5}% 32
\BOOKMARK [0][-]{chapter.7}{\376\377\000C\000o\000n\000c\000l\000u\000s\000s\000i\000o\000n\000s}{}% 33
\BOOKMARK [1][-]{section.7.1}{\376\377\000F\000u\000t\000u\000r\000e\000\040\000w\000o\000r\000k}{chapter.7}% 34
\BOOKMARK [1][-]{section*.5}{\376\377\000R\000e\000f\000e\000r\000e\000n\000c\000i\000a\000s}{chapter.7}% 35
