c:\users\alpas\desktop\optix7course\build\example09_shadowrays\ex09_shadowrays.dir\debug\vc143.pdb
c:\users\alpas\desktop\optix7course\build\example09_shadowrays\ex09_shadowrays.dir\debug\main.obj
c:\users\alpas\desktop\optix7course\build\example09_shadowrays\ex09_shadowrays.dir\debug\model.obj
c:\users\alpas\desktop\optix7course\build\example09_shadowrays\ex09_shadowrays.dir\debug\samplerenderer.obj
c:\users\alpas\desktop\optix7course\build\example09_shadowrays\ex09_shadowrays.dir\debug\cuda_compile_ptx_1_generated_deviceprograms.cu.ptx_embedded.obj
c:\users\alpas\desktop\optix7course\build\example09_shadowrays\cuda_compile_ptx_1_generated_deviceprograms.cu.ptx
c:\users\alpas\desktop\optix7course\build\example09_shadowrays\cuda_compile_ptx_1_generated_deviceprograms.cu.ptx_embedded.c
c:\users\alpas\desktop\optix7course\build\example09_shadowrays\cmakefiles\generate.stamp
c:\users\alpas\desktop\optix7course\build\debug\ex09_shadowrays.lib
c:\users\alpas\desktop\optix7course\build\debug\ex09_shadowrays.exp
c:\users\alpas\desktop\optix7course\build\debug\ex09_shadowrays.exe
c:\users\alpas\desktop\optix7course\build\example09_shadowrays\ex09_shadowrays.dir\debug\ex09_shadowrays.ilk
c:\users\alpas\desktop\optix7course\build\debug\ex09_shadowrays.pdb
c:\users\alpas\desktop\optix7course\build\example09_shadowrays\ex09_shadowrays.dir\debug\ex09_shadowrays.tlog\cl.command.1.tlog
c:\users\alpas\desktop\optix7course\build\example09_shadowrays\ex09_shadowrays.dir\debug\ex09_shadowrays.tlog\cl.read.1.tlog
c:\users\alpas\desktop\optix7course\build\example09_shadowrays\ex09_shadowrays.dir\debug\ex09_shadowrays.tlog\cl.write.1.tlog
c:\users\alpas\desktop\optix7course\build\example09_shadowrays\ex09_shadowrays.dir\debug\ex09_shadowrays.tlog\custombuild.command.1.tlog
c:\users\alpas\desktop\optix7course\build\example09_shadowrays\ex09_shadowrays.dir\debug\ex09_shadowrays.tlog\custombuild.read.1.tlog
c:\users\alpas\desktop\optix7course\build\example09_shadowrays\ex09_shadowrays.dir\debug\ex09_shadowrays.tlog\custombuild.write.1.tlog
c:\users\alpas\desktop\optix7course\build\example09_shadowrays\ex09_shadowrays.dir\debug\ex09_shadowrays.tlog\ex09_shadowrays.write.1u.tlog
c:\users\alpas\desktop\optix7course\build\example09_shadowrays\ex09_shadowrays.dir\debug\ex09_shadowrays.tlog\link.command.1.tlog
c:\users\alpas\desktop\optix7course\build\example09_shadowrays\ex09_shadowrays.dir\debug\ex09_shadowrays.tlog\link.read.1.tlog
c:\users\alpas\desktop\optix7course\build\example09_shadowrays\ex09_shadowrays.dir\debug\ex09_shadowrays.tlog\link.write.1.tlog
