  Building NVCC ptx file example09_shadowRays/cuda_compile_ptx_1_generated_devicePrograms.cu.ptx
  devicePrograms.cu
C:\Users\alpas\Desktop\optix7course\example09_shadowRays\devicePrograms.cu(29): warning #20044-D: extern declaration of the entity optixLaunchParams is treated as a static definition
  
  devicePrograms.cu
  Building Custom Rule C:/Users/alpas/Desktop/optix7course/example09_shadowRays/CMakeLists.txt
  compiling (and embedding ptx from) devicePrograms.cu
  cuda_compile_ptx_1_generated_devicePrograms.cu.ptx_embedded.c
  SampleRenderer.cpp
C:\Users\alpas\Desktop\optix7course\example09_shadowRays\SampleRenderer.cpp(650,40): warning C4554: '|': check operator precedence for possible error; use parentheses to clarify precedence
  Model.cpp
C:\Users\alpas\Desktop\optix7course\common\3rdParty/stb_image.h(7192,9): warning C4068: unknown pragma 'clang'
  main.cpp
C:\Users\alpas\Desktop\optix7course\common\glfWindow/GLFWindow.h(63,39): warning C4244: '+=': conversion from '_Rep' to 'uint32_t', possible loss of data
          with
          [
              _Rep=__int64
          ]
C:\Users\alpas\Desktop\optix7course\common\glfWindow/GLFWindow.h(66,44): warning C4267: '/=': conversion from 'size_t' to 'uint32_t', possible loss of data
  Generating Code...
     Creating library C:/Users/alpas/Desktop/optix7course/build/Debug/ex09_shadowRays.lib and object C:/Users/alpas/Desktop/optix7course/build/Debug/ex09_shadowRays.exp
LINK : warning LNK4098: defaultlib 'LIBCMT' conflicts with use of other libs; use /NODEFAULTLIB:library
  ex09_shadowRays.vcxproj -> C:\Users\alpas\Desktop\optix7course\build\Debug\ex09_shadowRays.exe
